app/build/intermediates/manifest_merge_blame_file/debug/processDebugMainManifest/manifest-merger-blame-debug-report.txt
1<?xml version="1.0" encoding="utf-8"?>
2<manifest xmlns:android="http://schemas.android.com/apk/res/android"
3    package="com.sentinel.ai"
4    android:versionCode="1"
5    android:versionName="1.0" >
6
7    <uses-sdk
8        android:minSdkVersion="28"
9        android:targetSdkVersion="34" />
10
11    <uses-permission android:name="android.permission.RECORD_AUDIO" />
11-->src\main\AndroidManifest.xml:5:5-71
11-->src\main\AndroidManifest.xml:5:22-68
12    <uses-permission android:name="android.permission.SYSTEM_ALERT_WINDOW" />
12-->src\main\AndroidManifest.xml:6:5-78
12-->src\main\AndroidManifest.xml:6:22-75
13    <uses-permission android:name="android.permission.FOREGROUND_SERVICE" />
13-->src\main\AndroidManifest.xml:7:5-77
13-->src\main\AndroidManifest.xml:7:22-74
14    <uses-permission android:name="android.permission.FOREGROUND_SERVICE_DATA_SYNC" />
14-->src\main\AndroidManifest.xml:8:5-87
14-->src\main\AndroidManifest.xml:8:22-84
15    <uses-permission android:name="android.permission.FOREGROUND_SERVICE_MICROPHONE" />
15-->src\main\AndroidManifest.xml:9:5-88
15-->src\main\AndroidManifest.xml:9:22-85
16    <uses-permission android:name="android.permission.RECEIVE_BOOT_COMPLETED" />
16-->src\main\AndroidManifest.xml:10:5-81
16-->src\main\AndroidManifest.xml:10:22-78
17    <uses-permission android:name="android.permission.POST_NOTIFICATIONS" />
17-->src\main\AndroidManifest.xml:11:5-77
17-->src\main\AndroidManifest.xml:11:22-74
18    <uses-permission android:name="android.permission.READ_PHONE_STATE" />
18-->src\main\AndroidManifest.xml:12:5-75
18-->src\main\AndroidManifest.xml:12:22-72
19    <uses-permission android:name="android.permission.READ_CALL_LOG" />
19-->src\main\AndroidManifest.xml:13:5-72
19-->src\main\AndroidManifest.xml:13:22-69
20    <uses-permission android:name="android.permission.CALL_PHONE" />
20-->src\main\AndroidManifest.xml:14:5-69
20-->src\main\AndroidManifest.xml:14:22-66
21    <uses-permission android:name="android.permission.ANSWER_PHONE_CALLS" />
21-->src\main\AndroidManifest.xml:15:5-77
21-->src\main\AndroidManifest.xml:15:22-74
22    <uses-permission android:name="android.permission.READ_CONTACTS" />
22-->src\main\AndroidManifest.xml:16:5-72
22-->src\main\AndroidManifest.xml:16:22-69
23    <uses-permission android:name="android.permission.FOREGROUND_SERVICE_MEDIA_PROJECTION" />
23-->src\main\AndroidManifest.xml:17:5-94
23-->src\main\AndroidManifest.xml:17:22-91
24
25    <permission
25-->[androidx.core:core:1.12.0] AndroidManifest.xml:22:5-24:47
26        android:name="com.sentinel.ai.DYNAMIC_RECEIVER_NOT_EXPORTED_PERMISSION"
26-->[androidx.core:core:1.12.0] AndroidManifest.xml:23:9-81
27        android:protectionLevel="signature" />
27-->[androidx.core:core:1.12.0] AndroidManifest.xml:24:9-44
28
29    <uses-permission android:name="com.sentinel.ai.DYNAMIC_RECEIVER_NOT_EXPORTED_PERMISSION" />
29-->[androidx.core:core:1.12.0] AndroidManifest.xml:26:5-97
29-->[androidx.core:core:1.12.0] AndroidManifest.xml:26:22-94
30
31    <application
31-->src\main\AndroidManifest.xml:19:5-88:19
32        android:allowBackup="true"
32-->src\main\AndroidManifest.xml:20:9-35
33        android:appComponentFactory="androidx.core.app.CoreComponentFactory"
33-->[androidx.core:core:1.12.0] AndroidManifest.xml:28:18-86
34        android:dataExtractionRules="@xml/data_extraction_rules"
34-->src\main\AndroidManifest.xml:21:9-65
35        android:debuggable="true"
36        android:extractNativeLibs="false"
37        android:fullBackupContent="@xml/backup_rules"
37-->src\main\AndroidManifest.xml:22:9-54
38        android:icon="@mipmap/ic_launcher"
38-->src\main\AndroidManifest.xml:23:9-43
39        android:label="Sentinel AI"
39-->src\main\AndroidManifest.xml:24:9-36
40        android:roundIcon="@mipmap/ic_launcher_round"
40-->src\main\AndroidManifest.xml:25:9-54
41        android:supportsRtl="true"
41-->src\main\AndroidManifest.xml:26:9-35
42        android:testOnly="true"
43        android:theme="@style/Theme.SentinelAI"
43-->src\main\AndroidManifest.xml:27:9-48
44        android:usesCleartextTraffic="false" >
44-->src\main\AndroidManifest.xml:28:9-45
45        <receiver
45-->src\main\AndroidManifest.xml:30:9-38:20
46            android:name="com.sentinel.ai.receiver.BootReceiver"
46-->src\main\AndroidManifest.xml:31:13-50
47            android:enabled="true"
47-->src\main\AndroidManifest.xml:32:13-35
48            android:exported="true" >
48-->src\main\AndroidManifest.xml:33:13-36
49            <intent-filter>
49-->src\main\AndroidManifest.xml:34:13-37:29
50                <action android:name="android.intent.action.BOOT_COMPLETED" />
50-->src\main\AndroidManifest.xml:35:17-79
50-->src\main\AndroidManifest.xml:35:25-76
51                <action android:name="android.intent.action.QUICKBOOT_POWERON" />
51-->src\main\AndroidManifest.xml:36:17-82
51-->src\main\AndroidManifest.xml:36:25-79
52            </intent-filter>
53        </receiver>
54
55        <service
55-->src\main\AndroidManifest.xml:40:9-44:67
56            android:name="com.sentinel.ai.service.SentinelGuardianService"
56-->src\main\AndroidManifest.xml:41:13-60
57            android:enabled="true"
57-->src\main\AndroidManifest.xml:42:13-35
58            android:exported="false"
58-->src\main\AndroidManifest.xml:43:13-37
59            android:foregroundServiceType="dataSync|microphone" />
59-->src\main\AndroidManifest.xml:44:13-64
60        <service
60-->src\main\AndroidManifest.xml:46:9-54:19
61            android:name="com.sentinel.ai.service.SentinelCallScreeningService"
61-->src\main\AndroidManifest.xml:47:13-65
62            android:enabled="true"
62-->src\main\AndroidManifest.xml:48:13-35
63            android:exported="true"
63-->src\main\AndroidManifest.xml:49:13-36
64            android:permission="android.permission.BIND_SCREENING_SERVICE" >
64-->src\main\AndroidManifest.xml:50:13-75
65            <intent-filter>
65-->src\main\AndroidManifest.xml:51:13-53:29
66                <action android:name="android.telecom.CallScreeningService" />
66-->src\main\AndroidManifest.xml:52:17-79
66-->src\main\AndroidManifest.xml:52:25-76
67            </intent-filter>
68        </service>
69        <service
69-->src\main\AndroidManifest.xml:56:9-67:19
70            android:name="com.sentinel.ai.service.SentinelAccessibilityService"
70-->src\main\AndroidManifest.xml:57:13-65
71            android:enabled="true"
71-->src\main\AndroidManifest.xml:58:13-35
72            android:exported="true"
72-->src\main\AndroidManifest.xml:59:13-36
73            android:permission="android.permission.BIND_ACCESSIBILITY_SERVICE" >
73-->src\main\AndroidManifest.xml:60:13-79
74            <intent-filter>
74-->src\main\AndroidManifest.xml:61:13-63:29
75                <action android:name="android.accessibilityservice.AccessibilityService" />
75-->src\main\AndroidManifest.xml:62:17-92
75-->src\main\AndroidManifest.xml:62:25-89
76            </intent-filter>
77
78            <meta-data
78-->src\main\AndroidManifest.xml:64:13-66:72
79                android:name="android.accessibilityservice"
79-->src\main\AndroidManifest.xml:65:17-60
80                android:resource="@xml/accessibility_service_config" />
80-->src\main\AndroidManifest.xml:66:17-69
81        </service>
82
83        <activity
83-->src\main\AndroidManifest.xml:69:9-77:20
84            android:name="com.sentinel.ai.ui.SplashActivity"
84-->src\main\AndroidManifest.xml:70:13-46
85            android:exported="true"
85-->src\main\AndroidManifest.xml:71:13-36
86            android:theme="@style/Theme.SentinelAI.Splash" >
86-->src\main\AndroidManifest.xml:72:13-59
87            <intent-filter>
87-->src\main\AndroidManifest.xml:73:13-76:29
88                <action android:name="android.intent.action.MAIN" />
88-->src\main\AndroidManifest.xml:74:17-69
88-->src\main\AndroidManifest.xml:74:25-66
89
90                <category android:name="android.intent.category.LAUNCHER" />
90-->src\main\AndroidManifest.xml:75:17-77
90-->src\main\AndroidManifest.xml:75:27-74
91            </intent-filter>
92        </activity>
93        <activity
93-->src\main\AndroidManifest.xml:78:9-80:39
94            android:name="com.sentinel.ai.ui.SetupActivity"
94-->src\main\AndroidManifest.xml:79:13-45
95            android:exported="true" />
95-->src\main\AndroidManifest.xml:80:13-36
96        <activity
96-->src\main\AndroidManifest.xml:81:9-83:39
97            android:name="com.sentinel.ai.ui.DashboardActivity"
97-->src\main\AndroidManifest.xml:82:13-49
98            android:exported="true" />
98-->src\main\AndroidManifest.xml:83:13-36
99        <activity
99-->src\main\AndroidManifest.xml:84:9-87:55
100            android:name="com.sentinel.ai.ui.CriticalAlertActivity"
100-->src\main\AndroidManifest.xml:85:13-53
101            android:exported="false"
101-->src\main\AndroidManifest.xml:86:13-37
102            android:theme="@style/Theme.SentinelAI" />
102-->src\main\AndroidManifest.xml:87:13-52
103
104        <provider
104-->[androidx.emoji2:emoji2:1.2.0] AndroidManifest.xml:24:9-32:20
105            android:name="androidx.startup.InitializationProvider"
105-->[androidx.emoji2:emoji2:1.2.0] AndroidManifest.xml:25:13-67
106            android:authorities="com.sentinel.ai.androidx-startup"
106-->[androidx.emoji2:emoji2:1.2.0] AndroidManifest.xml:26:13-68
107            android:exported="false" >
107-->[androidx.emoji2:emoji2:1.2.0] AndroidManifest.xml:27:13-37
108            <meta-data
108-->[androidx.emoji2:emoji2:1.2.0] AndroidManifest.xml:29:13-31:52
109                android:name="androidx.emoji2.text.EmojiCompatInitializer"
109-->[androidx.emoji2:emoji2:1.2.0] AndroidManifest.xml:30:17-75
110                android:value="androidx.startup" />
110-->[androidx.emoji2:emoji2:1.2.0] AndroidManifest.xml:31:17-49
111            <meta-data
111-->[androidx.lifecycle:lifecycle-process:2.6.2] AndroidManifest.xml:29:13-31:52
112                android:name="androidx.lifecycle.ProcessLifecycleInitializer"
112-->[androidx.lifecycle:lifecycle-process:2.6.2] AndroidManifest.xml:30:17-78
113                android:value="androidx.startup" />
113-->[androidx.lifecycle:lifecycle-process:2.6.2] AndroidManifest.xml:31:17-49
114            <meta-data
114-->[androidx.profileinstaller:profileinstaller:1.3.0] AndroidManifest.xml:29:13-31:52
115                android:name="androidx.profileinstaller.ProfileInstallerInitializer"
115-->[androidx.profileinstaller:profileinstaller:1.3.0] AndroidManifest.xml:30:17-85
116                android:value="androidx.startup" />
116-->[androidx.profileinstaller:profileinstaller:1.3.0] AndroidManifest.xml:31:17-49
117        </provider>
118
119        <receiver
119-->[androidx.profileinstaller:profileinstaller:1.3.0] AndroidManifest.xml:34:9-52:20
120            android:name="androidx.profileinstaller.ProfileInstallReceiver"
120-->[androidx.profileinstaller:profileinstaller:1.3.0] AndroidManifest.xml:35:13-76
121            android:directBootAware="false"
121-->[androidx.profileinstaller:profileinstaller:1.3.0] AndroidManifest.xml:36:13-44
122            android:enabled="true"
122-->[androidx.profileinstaller:profileinstaller:1.3.0] AndroidManifest.xml:37:13-35
123            android:exported="true"
123-->[androidx.profileinstaller:profileinstaller:1.3.0] AndroidManifest.xml:38:13-36
124            android:permission="android.permission.DUMP" >
124-->[androidx.profileinstaller:profileinstaller:1.3.0] AndroidManifest.xml:39:13-57
125            <intent-filter>
125-->[androidx.profileinstaller:profileinstaller:1.3.0] AndroidManifest.xml:40:13-42:29
126                <action android:name="androidx.profileinstaller.action.INSTALL_PROFILE" />
126-->[androidx.profileinstaller:profileinstaller:1.3.0] AndroidManifest.xml:41:17-91
126-->[androidx.profileinstaller:profileinstaller:1.3.0] AndroidManifest.xml:41:25-88
127            </intent-filter>
128            <intent-filter>
128-->[androidx.profileinstaller:profileinstaller:1.3.0] AndroidManifest.xml:43:13-45:29
129                <action android:name="androidx.profileinstaller.action.SKIP_FILE" />
129-->[androidx.profileinstaller:profileinstaller:1.3.0] AndroidManifest.xml:44:17-85
129-->[androidx.profileinstaller:profileinstaller:1.3.0] AndroidManifest.xml:44:25-82
130            </intent-filter>
131            <intent-filter>
131-->[androidx.profileinstaller:profileinstaller:1.3.0] AndroidManifest.xml:46:13-48:29
132                <action android:name="androidx.profileinstaller.action.SAVE_PROFILE" />
132-->[androidx.profileinstaller:profileinstaller:1.3.0] AndroidManifest.xml:47:17-88
132-->[androidx.profileinstaller:profileinstaller:1.3.0] AndroidManifest.xml:47:25-85
133            </intent-filter>
134            <intent-filter>
134-->[androidx.profileinstaller:profileinstaller:1.3.0] AndroidManifest.xml:49:13-51:29
135                <action android:name="androidx.profileinstaller.action.BENCHMARK_OPERATION" />
135-->[androidx.profileinstaller:profileinstaller:1.3.0] AndroidManifest.xml:50:17-95
135-->[androidx.profileinstaller:profileinstaller:1.3.0] AndroidManifest.xml:50:25-92
136            </intent-filter>
137        </receiver>
138    </application>
139
140</manifest>